<?xml version="1.0" encoding="UTF-8"?>
<testsuite xmlns:xsi="http://www.w3.org/2001/XMLSchema-instance" xsi:noNamespaceSchemaLocation="https://maven.apache.org/surefire/maven-surefire-plugin/xsd/surefire-test-report-3.0.xsd" version="3.0" name="com.microservicedepartment.departmentservice.DeptJpaServiceApplicationTests" time="3.575" tests="1" errors="0" skipped="0" failures="0">
  <properties>
[...]
</properties>
  <testcase name="contextLoads" classname="com.microservicedepartment.departmentservice.DeptJpaServiceApplicationTests" time="0.316">
    <system-out><![CDATA[12:33:13.487 [main] INFO org.springframework.test.context.support.AnnotationConfigContextLoaderUtils -- Could not detect default configuration classes for test class [com.microservicedepartment.departmentservice.DeptJpaServiceApplicationTests]: DeptJpaServiceApplicationTests does not declare any static, non-private, non-final, nested classes annotated with @Configuration.
12:33:13.544 [main] INFO org.springframework.boot.test.context.SpringBootTestContextBootstrapper -- Found @SpringBootConfiguration com.microservicedepartment.departmentservice.DepartmentServiceApplication for test class com.microservicedepartment.departmentservice.DeptJpaServiceApplicationTests

  .   ____          _            __ _ _
 /\\ / ___'_ __ _ _(_)_ __  __ _ \ \ \ \
( ( )\___ | '_ | '_| | '_ \/ _` | \ \ \ \
 \\/  ___)| |_)| | | | | || (_| |  ) ) ) )
  '  |____| .__|_| |_|_| |_\__, | / / / /
 =========|_|==============|___/=/_/_/_/
 :: Spring Boot ::                (v3.1.2)

2023-08-26T12:33:13.727+05:30  INFO 2209 --- [           main] c.m.d.DeptJpaServiceApplicationTests     : Starting DeptJpaServiceApplicationTests using Java 20.0.2 with PID 2209 (started by prnv in /Users/prnv/IdeaProjects/department-service)
2023-08-26T12:33:13.728+05:30  INFO 2209 --- [           main] c.m.d.DeptJpaServiceApplicationTests     : No active profile set, falling back to 1 default profile: "default"
2023-08-26T12:33:13.992+05:30  INFO 2209 --- [           main] .s.d.r.c.RepositoryConfigurationDelegate : Bootstrapping Spring Data JPA repositories in DEFAULT mode.
2023-08-26T12:33:14.052+05:30  INFO 2209 --- [           main] .s.d.r.c.RepositoryConfigurationDelegate : Finished Spring Data repository scanning in 57 ms. Found 1 JPA repository interfaces.
2023-08-26T12:33:14.145+05:30  INFO 2209 --- [           main] o.s.cloud.context.scope.GenericScope     : BeanFactory id=3a06ab54-8237-3bb5-91a3-969556d1c7ab
2023-08-26T12:33:14.269+05:30  INFO 2209 --- [           main] o.hibernate.jpa.internal.util.LogHelper  : HHH000204: Processing PersistenceUnitInfo [name: default]
2023-08-26T12:33:14.292+05:30  INFO 2209 --- [           main] org.hibernate.Version                    : HHH000412: Hibernate ORM core version 6.2.6.Final
2023-08-26T12:33:14.293+05:30  INFO 2209 --- [           main] org.hibernate.cfg.Environment            : HHH000406: Using bytecode reflection optimizer
2023-08-26T12:33:14.343+05:30  INFO 2209 --- [           main] o.h.b.i.BytecodeProviderInitiator        : HHH000021: Bytecode provider name : bytebuddy
2023-08-26T12:33:14.389+05:30  INFO 2209 --- [           main] o.s.o.j.p.SpringPersistenceUnitInfo      : No LoadTimeWeaver setup: ignoring JPA class transformer
2023-08-26T12:33:14.395+05:30  INFO 2209 --- [           main] com.zaxxer.hikari.HikariDataSource       : HikariPool-1 - Starting...
2023-08-26T12:33:14.575+05:30  INFO 2209 --- [           main] com.zaxxer.hikari.pool.HikariPool        : HikariPool-1 - Added connection com.mysql.cj.jdbc.ConnectionImpl@50b4364
2023-08-26T12:33:14.575+05:30  INFO 2209 --- [           main] com.zaxxer.hikari.HikariDataSource       : HikariPool-1 - Start completed.
2023-08-26T12:33:14.668+05:30  INFO 2209 --- [           main] o.h.b.i.BytecodeProviderInitiator        : HHH000021: Bytecode provider name : bytebuddy
2023-08-26T12:33:15.046+05:30  INFO 2209 --- [           main] o.h.e.t.j.p.i.JtaPlatformInitiator       : HHH000490: Using JtaPlatform implementation: [org.hibernate.engine.transaction.jta.platform.internal.NoJtaPlatform]
2023-08-26T12:33:15.074+05:30  INFO 2209 --- [           main] j.LocalContainerEntityManagerFactoryBean : Initialized JPA EntityManagerFactory for persistence unit 'default'
2023-08-26T12:33:15.425+05:30  WARN 2209 --- [           main] JpaBaseConfiguration$JpaWebConfiguration : spring.jpa.open-in-view is enabled by default. Therefore, database queries may be performed during view rendering. Explicitly configure spring.jpa.open-in-view to disable this warning
2023-08-26T12:33:16.098+05:30  INFO 2209 --- [           main] DiscoveryClientOptionalArgsConfiguration : Eureka HTTP Client uses RestTemplate.
2023-08-26T12:33:16.155+05:30  WARN 2209 --- [           main] iguration$LoadBalancerCaffeineWarnLogger : Spring Cloud LoadBalancer is currently working with the default cache. While this cache implementation is useful for development and tests, it's recommended to use Caffeine cache in production.You can switch to using Caffeine cache, by adding it and org.springframework.cache.caffeine.CaffeineCacheManager to the classpath.
2023-08-26T12:33:16.203+05:30  INFO 2209 --- [           main] o.s.c.n.eureka.InstanceInfoFactory       : Setting initial instance status as: STARTING
2023-08-26T12:33:16.347+05:30  INFO 2209 --- [           main] com.netflix.discovery.DiscoveryClient    : Initializing Eureka in region us-east-1
2023-08-26T12:33:16.352+05:30  INFO 2209 --- [           main] c.n.d.s.r.aws.ConfigClusterResolver      : Resolving eureka endpoints via configuration
2023-08-26T12:33:16.366+05:30  INFO 2209 --- [           main] com.netflix.discovery.DiscoveryClient    : Disable delta property : false
2023-08-26T12:33:16.366+05:30  INFO 2209 --- [           main] com.netflix.discovery.DiscoveryClient    : Single vip registry refresh property : null
2023-08-26T12:33:16.366+05:30  INFO 2209 --- [           main] com.netflix.discovery.DiscoveryClient    : Force full registry fetch : false
2023-08-26T12:33:16.366+05:30  INFO 2209 --- [           main] com.netflix.discovery.DiscoveryClient    : Application is null : false
2023-08-26T12:33:16.366+05:30  INFO 2209 --- [           main] com.netflix.discovery.DiscoveryClient    : Registered Applications size is zero : true
2023-08-26T12:33:16.366+05:30  INFO 2209 --- [           main] com.netflix.discovery.DiscoveryClient    : Application version is -1: true
2023-08-26T12:33:16.366+05:30  INFO 2209 --- [           main] com.netflix.discovery.DiscoveryClient    : Getting all instance registry info from the eureka server
2023-08-26T12:33:16.585+05:30  INFO 2209 --- [           main] com.netflix.discovery.DiscoveryClient    : The response status is 200
2023-08-26T12:33:16.587+05:30  INFO 2209 --- [           main] com.netflix.discovery.DiscoveryClient    : Starting heartbeat executor: renew interval is: 30
2023-08-26T12:33:16.588+05:30  INFO 2209 --- [           main] c.n.discovery.InstanceInfoReplicator     : InstanceInfoReplicator onDemand update allowed rate per min is 4
2023-08-26T12:33:16.590+05:30  INFO 2209 --- [           main] com.netflix.discovery.DiscoveryClient    : Discovery Client initialized at timestamp 1693033396590 with initial instances count: 2
2023-08-26T12:33:16.592+05:30  INFO 2209 --- [           main] o.s.c.n.e.s.EurekaServiceRegistry        : Registering application DEPT-SERVICE with eureka with status UP
2023-08-26T12:33:16.592+05:30  INFO 2209 --- [           main] com.netflix.discovery.DiscoveryClient    : Saw local status change event StatusChangeEvent [timestamp=1693033396592, current=UP, previous=STARTING]
2023-08-26T12:33:16.593+05:30  INFO 2209 --- [nfoReplicator-0] com.netflix.discovery.DiscoveryClient    : DiscoveryClient_DEPT-SERVICE/192.168.29.161:DEPT-SERVICE: registering service...
2023-08-26T12:33:16.599+05:30  INFO 2209 --- [           main] c.m.d.DeptJpaServiceApplicationTests     : Started DeptJpaServiceApplicationTests in 2.998 seconds (process running for 3.453)
2023-08-26T12:33:16.618+05:30  INFO 2209 --- [nfoReplicator-0] com.netflix.discovery.DiscoveryClient    : DiscoveryClient_DEPT-SERVICE/192.168.29.161:DEPT-SERVICE - registration status: 204
]]></system-out>
  </testcase>
</testsuite>